<?xml version="1.0" encoding="UTF-8"?>
<testng-results ignored="0" total="1" passed="0" failed="1" skipped="0">
  <reporter-output>
  </reporter-output>
  <suite started-at="2023-09-10T10:29:36Z" name="Default suite" finished-at="2023-09-10T10:30:12Z" duration-ms="35787">
    <groups>
    </groups>
    <test started-at="2023-09-10T10:29:36Z" name="Default test" finished-at="2023-09-10T10:30:12Z" duration-ms="35787">
      <class name="TestCases.QuoteGeneration">
        <test-method is-config="true" signature="getStart()[pri:0, instance:TestCases.QuoteGeneration@4716be8b]" started-at="2023-09-10T10:29:36Z" name="getStart" finished-at="2023-09-10T10:30:03Z" duration-ms="26718" status="PASS">
          <reporter-output>
          </reporter-output>
        </test-method> <!-- getStart -->
        <test-method signature="testCase1()[pri:0, instance:TestCases.QuoteGeneration@4716be8b]" started-at="2023-09-10T10:30:03Z" name="testCase1" finished-at="2023-09-10T10:30:11Z" duration-ms="7681" status="FAIL">
          <exception class="org.openqa.selenium.StaleElementReferenceException">
            <message>
              <![CDATA[stale element reference: stale element not found
  (Session info: MicrosoftEdge=116.0.1938.76)
For documentation on this error, please visit: https://www.selenium.dev/documentation/webdriver/troubleshooting/errors#stale-element-reference-exception
Build info: version: '4.11.0', revision: '040bc5406b'
System info: os.name: 'Windows 10', os.arch: 'amd64', os.version: '10.0', java.version: '11.0.8'
Driver info: org.openqa.selenium.edge.EdgeDriver
Command: [cc342378d39a644454d6cba229db8d22, getElementText {id=E1DE5757514BA165EF79013D47F4BF84_element_49}]
Capabilities {acceptInsecureCerts: false, browserName: msedge, browserVersion: 116.0.1938.76, fedcm:accounts: true, ms:edgeOptions: {debuggerAddress: localhost:51044}, msedge: {msedgedriverVersion: 116.0.1938.76 (3ea752a1990a..., userDataDir: C:\Users\BALASO~1\AppData\L...}, networkConnectionEnabled: false, pageLoadStrategy: normal, platformName: windows, proxy: Proxy(), se:cdp: ws://localhost:51044/devtoo..., se:cdpVersion: 116.0.1938.76, setWindowRect: true, strictFileInteractability: false, timeouts: {implicit: 0, pageLoad: 300000, script: 30000}, unhandledPromptBehavior: dismiss and notify, webauthn:extension:credBlob: true, webauthn:extension:largeBlob: true, webauthn:extension:minPinLength: true, webauthn:extension:prf: true, webauthn:virtualAuthenticators: true}
Element: [[EdgeDriver: msedge on windows (cc342378d39a644454d6cba229db8d22)] -> xpath: //*[@class='sic__spotlight sic__spotlight--4']/div[@class='sic__panel-group ']]
Session ID: cc342378d39a644454d6cba229db8d22]]>
            </message>
            <full-stacktrace>
              <![CDATA[org.openqa.selenium.StaleElementReferenceException: stale element reference: stale element not found
  (Session info: MicrosoftEdge=116.0.1938.76)
For documentation on this error, please visit: https://www.selenium.dev/documentation/webdriver/troubleshooting/errors#stale-element-reference-exception
Build info: version: '4.11.0', revision: '040bc5406b'
System info: os.name: 'Windows 10', os.arch: 'amd64', os.version: '10.0', java.version: '11.0.8'
Driver info: org.openqa.selenium.edge.EdgeDriver
Command: [cc342378d39a644454d6cba229db8d22, getElementText {id=E1DE5757514BA165EF79013D47F4BF84_element_49}]
Capabilities {acceptInsecureCerts: false, browserName: msedge, browserVersion: 116.0.1938.76, fedcm:accounts: true, ms:edgeOptions: {debuggerAddress: localhost:51044}, msedge: {msedgedriverVersion: 116.0.1938.76 (3ea752a1990a..., userDataDir: C:\Users\BALASO~1\AppData\L...}, networkConnectionEnabled: false, pageLoadStrategy: normal, platformName: windows, proxy: Proxy(), se:cdp: ws://localhost:51044/devtoo..., se:cdpVersion: 116.0.1938.76, setWindowRect: true, strictFileInteractability: false, timeouts: {implicit: 0, pageLoad: 300000, script: 30000}, unhandledPromptBehavior: dismiss and notify, webauthn:extension:credBlob: true, webauthn:extension:largeBlob: true, webauthn:extension:minPinLength: true, webauthn:extension:prf: true, webauthn:virtualAuthenticators: true}
Element: [[EdgeDriver: msedge on windows (cc342378d39a644454d6cba229db8d22)] -> xpath: //*[@class='sic__spotlight sic__spotlight--4']/div[@class='sic__panel-group ']]
Session ID: cc342378d39a644454d6cba229db8d22
at java.base/jdk.internal.reflect.NativeConstructorAccessorImpl.newInstance0(Native Method)
at java.base/jdk.internal.reflect.NativeConstructorAccessorImpl.newInstance(NativeConstructorAccessorImpl.java:62)
at java.base/jdk.internal.reflect.DelegatingConstructorAccessorImpl.newInstance(DelegatingConstructorAccessorImpl.java:45)
at java.base/java.lang.reflect.Constructor.newInstance(Constructor.java:490)
at org.openqa.selenium.remote.codec.w3c.W3CHttpResponseCodec.createException(W3CHttpResponseCodec.java:200)
at org.openqa.selenium.remote.codec.w3c.W3CHttpResponseCodec.decode(W3CHttpResponseCodec.java:133)
at org.openqa.selenium.remote.codec.w3c.W3CHttpResponseCodec.decode(W3CHttpResponseCodec.java:52)
at org.openqa.selenium.remote.HttpCommandExecutor.execute(HttpCommandExecutor.java:191)
at org.openqa.selenium.remote.service.DriverCommandExecutor.invokeExecute(DriverCommandExecutor.java:196)
at org.openqa.selenium.remote.service.DriverCommandExecutor.execute(DriverCommandExecutor.java:171)
at org.openqa.selenium.remote.RemoteWebDriver.execute(RemoteWebDriver.java:518)
at org.openqa.selenium.remote.RemoteWebElement.execute(RemoteWebElement.java:224)
at org.openqa.selenium.remote.RemoteWebElement.getText(RemoteWebElement.java:192)
at PageObjectModel.LandingPage.selectInsuranceType(LandingPage.java:39)
at TestCases.QuoteGeneration.testCase1(QuoteGeneration.java:13)
at java.base/jdk.internal.reflect.NativeMethodAccessorImpl.invoke0(Native Method)
at java.base/jdk.internal.reflect.NativeMethodAccessorImpl.invoke(NativeMethodAccessorImpl.java:62)
at java.base/jdk.internal.reflect.DelegatingMethodAccessorImpl.invoke(DelegatingMethodAccessorImpl.java:43)
at java.base/java.lang.reflect.Method.invoke(Method.java:566)
at org.testng.internal.MethodInvocationHelper.invokeMethod(MethodInvocationHelper.java:124)
at org.testng.internal.Invoker.invokeMethod(Invoker.java:583)
at org.testng.internal.Invoker.invokeTestMethod(Invoker.java:719)
at org.testng.internal.Invoker.invokeTestMethods(Invoker.java:989)
at org.testng.internal.TestMethodWorker.invokeTestMethods(TestMethodWorker.java:125)
at org.testng.internal.TestMethodWorker.run(TestMethodWorker.java:109)
at org.testng.TestRunner.privateRun(TestRunner.java:648)
at org.testng.TestRunner.run(TestRunner.java:505)
at org.testng.SuiteRunner.runTest(SuiteRunner.java:455)
at org.testng.SuiteRunner.runSequentially(SuiteRunner.java:450)
at org.testng.SuiteRunner.privateRun(SuiteRunner.java:415)
at org.testng.SuiteRunner.run(SuiteRunner.java:364)
at org.testng.SuiteRunnerWorker.runSuite(SuiteRunnerWorker.java:52)
at org.testng.SuiteRunnerWorker.run(SuiteRunnerWorker.java:84)
at org.testng.TestNG.runSuitesSequentially(TestNG.java:1208)
at org.testng.TestNG.runSuitesLocally(TestNG.java:1137)
at org.testng.TestNG.runSuites(TestNG.java:1049)
at org.testng.TestNG.run(TestNG.java:1017)
at org.testng.remote.AbstractRemoteTestNG.run(AbstractRemoteTestNG.java:115)
at org.testng.remote.RemoteTestNG.initAndRun(RemoteTestNG.java:251)
at org.testng.remote.RemoteTestNG.main(RemoteTestNG.java:77)
]]>
            </full-stacktrace>
          </exception> <!-- org.openqa.selenium.StaleElementReferenceException -->
          <reporter-output>
          </reporter-output>
        </test-method> <!-- testCase1 -->
        <test-method is-config="true" signature="tearDown()[pri:0, instance:TestCases.QuoteGeneration@4716be8b]" started-at="2023-09-10T10:30:11Z" name="tearDown" finished-at="2023-09-10T10:30:12Z" duration-ms="1332" status="PASS">
          <reporter-output>
          </reporter-output>
        </test-method> <!-- tearDown -->
      </class> <!-- TestCases.QuoteGeneration -->
    </test> <!-- Default test -->
  </suite> <!-- Default suite -->
</testng-results>
